<?xml version="1.0" encoding="UTF-8"?>
<!-- Generated by org.testng.reporters.JUnitReportReporter -->
<testsuite hostname="DESKTOP-UI7IETP" failures="0" tests="1" name="testscripts.FirstTest" time="10.957" errors="0" timestamp="2023-02-18T18:38:32 IST" skipped="0">
  <testcase classname="testscripts.FirstTest" name="firstTest" time="10.957"/>
  <system-out/>
</testsuite> <!-- testscripts.FirstTest -->
