<?xml version="1.0" encoding="UTF-8"?>
<!-- Generated by org.testng.reporters.JUnitReportReporter -->
<testsuite hostname="DESKTOP-UI7IETP" failures="0" tests="1" name="testscripts.SecondTest" time="24.720" errors="0" timestamp="2023-02-18T18:40:27 IST" skipped="0">
  <testcase classname="testscripts.SecondTest" name="secondTest" time="24.720"/>
  <system-out/>
</testsuite> <!-- testscripts.SecondTest -->
